
*** Running vivado
    with args -log c_counter_binary_1_down.vds -m64 -product Vivado -mode batch -messageDb vivado.pb -notrace -source c_counter_binary_1_down.tcl


****** Vivado v2016.3 (64-bit)
  **** SW Build 1682563 on Mon Oct 10 19:07:27 MDT 2016
  **** IP Build 1681267 on Mon Oct 10 21:28:31 MDT 2016
    ** Copyright 1986-2016 Xilinx, Inc. All Rights Reserved.

source c_counter_binary_1_down.tcl -notrace
Starting RTL Elaboration : Time (s): cpu = 00:00:06 ; elapsed = 00:00:11 . Memory (MB): peak = 357.273 ; gain = 146.703
INFO: [Synth 8-638] synthesizing module 'c_counter_binary_1_down' [w:/Desktop/Labs/EggTimer/ELEC3500-EggTimer_V1/sources_1/ip/c_counter_binary_1_down/synth/c_counter_binary_1_down.vhd:69]
INFO: [Synth 8-256] done synthesizing module 'c_counter_binary_1_down' (8#1) [w:/Desktop/Labs/EggTimer/ELEC3500-EggTimer_V1/sources_1/ip/c_counter_binary_1_down/synth/c_counter_binary_1_down.vhd:69]
Finished RTL Elaboration : Time (s): cpu = 00:00:07 ; elapsed = 00:00:12 . Memory (MB): peak = 401.270 ; gain = 190.699
Finished RTL Optimization Phase 1 : Time (s): cpu = 00:00:07 ; elapsed = 00:00:13 . Memory (MB): peak = 401.270 ; gain = 190.699
INFO: [Device 21-403] Loading part xc7a100tcsg324-1
Constraint Validation Runtime : Time (s): cpu = 00:00:00 ; elapsed = 00:00:00.077 . Memory (MB): peak = 657.945 ; gain = 0.000
Finished Constraint Validation : Time (s): cpu = 00:00:13 ; elapsed = 00:00:25 . Memory (MB): peak = 657.945 ; gain = 447.375
Finished Loading Part and Timing Information : Time (s): cpu = 00:00:13 ; elapsed = 00:00:25 . Memory (MB): peak = 657.945 ; gain = 447.375
Finished applying 'set_property' XDC Constraints : Time (s): cpu = 00:00:13 ; elapsed = 00:00:25 . Memory (MB): peak = 657.945 ; gain = 447.375
Finished RTL Optimization Phase 2 : Time (s): cpu = 00:00:13 ; elapsed = 00:00:25 . Memory (MB): peak = 657.945 ; gain = 447.375
Finished Cross Boundary and Area Optimization : Time (s): cpu = 00:00:13 ; elapsed = 00:00:25 . Memory (MB): peak = 657.945 ; gain = 447.375
Finished Applying XDC Timing Constraints : Time (s): cpu = 00:00:19 ; elapsed = 00:00:31 . Memory (MB): peak = 657.945 ; gain = 447.375
Finished Timing Optimization : Time (s): cpu = 00:00:19 ; elapsed = 00:00:31 . Memory (MB): peak = 657.945 ; gain = 447.375
Finished Technology Mapping : Time (s): cpu = 00:00:19 ; elapsed = 00:00:31 . Memory (MB): peak = 673.156 ; gain = 462.586
Finished IO Insertion : Time (s): cpu = 00:00:19 ; elapsed = 00:00:31 . Memory (MB): peak = 673.156 ; gain = 462.586
Finished Renaming Generated Instances : Time (s): cpu = 00:00:19 ; elapsed = 00:00:31 . Memory (MB): peak = 673.156 ; gain = 462.586
Finished Rebuilding User Hierarchy : Time (s): cpu = 00:00:19 ; elapsed = 00:00:31 . Memory (MB): peak = 673.156 ; gain = 462.586
Finished Renaming Generated Ports : Time (s): cpu = 00:00:19 ; elapsed = 00:00:31 . Memory (MB): peak = 673.156 ; gain = 462.586
Finished Handling Custom Attributes : Time (s): cpu = 00:00:19 ; elapsed = 00:00:31 . Memory (MB): peak = 673.156 ; gain = 462.586
Finished Renaming Generated Nets : Time (s): cpu = 00:00:19 ; elapsed = 00:00:31 . Memory (MB): peak = 673.156 ; gain = 462.586

Report Cell Usage: 
+------+------+------+
|      |Cell  |Count |
+------+------+------+
|1     |LUT1  |     2|
|2     |LUT4  |     1|
|3     |LUT6  |     1|
|4     |MUXCY |     2|
|5     |XORCY |     3|
|6     |FDRE  |     4|
+------+------+------+
Finished Writing Synthesis Report : Time (s): cpu = 00:00:19 ; elapsed = 00:00:31 . Memory (MB): peak = 673.156 ; gain = 462.586
synth_design: Time (s): cpu = 00:00:17 ; elapsed = 00:00:25 . Memory (MB): peak = 690.633 ; gain = 408.191
