Unable to capture context for thread 24724 in process 1220, can not generate back trace
Exception at PC 0x00007FF92AD8BB93
Printing stacktrace...

Exception at PC 0x00007FF95D6B4F38
Unable to capture context for thread 10996 in process 1220, can not generate back trace
Exception at PC 0x00007FF95D6B4F38
Exception at PC 0x00007FF95D6B4F38
Exception at PC 0x00007FF95D6B4F38
Exception at PC 0x00007FF95D6B4F38
Exception at PC 0x00007FF95D6B4F38
Exception at PC 0x00007FF95D6B4F38
Exception at PC 0x00007FF95D6B4F38
Exception at PC 0x00007FF95D6B4F38
Exception at PC 0x00007FF95D6B4F38
Exception at PC 0x00007FF95D6B4F38
Exception at PC 0x00007FF95D6B4F38
Exception at PC 0x00007FF95D6B4F38
Exception at PC 0x00007FF95D6B4F38
Exception at PC 0x00007FF95D6B4F38
Exception at PC 0x00007FF95D6B4F38
Exception at PC 0x00007FF95D6B4F38
Exception at PC 0x00007FF95D6B4F38
[0]  [0x00007FF92AD8BB93]
[1]  [0x00007FF92AD8BB93]
[2]  [0x00007FF92AD8B4A1]
[3]  [0x00007FF92AD8B3EF]
[4]  [0x00007FF92AD719FE]
[5]  [0x00007FF92AD70ED1]
[6]  [0x00007FF92AD70D76]
[7]  [0x00007FF92AD179F6]
[8]  [0x00007FF92AD07AFB]
[9]  [0x00007FF92AE2E90A]
[10]  [0x00007FF92AE49F87]
[11]  [0x00007FF92AE4A05F]
[12] (BaseThreadInitThunk+0x14) [0x00007FF95E3D84D4]
[13] (RtlUserThreadStart+0x21) [0x00007FF960361791]
Done
