
*** Running vivado
    with args -log c_counter_binary_db.vds -m64 -product Vivado -mode batch -messageDb vivado.pb -notrace -source c_counter_binary_db.tcl


****** Vivado v2016.3 (64-bit)
  **** SW Build 1682563 on Mon Oct 10 19:07:27 MDT 2016
  **** IP Build 1681267 on Mon Oct 10 21:28:31 MDT 2016
    ** Copyright 1986-2016 Xilinx, Inc. All Rights Reserved.

source c_counter_binary_db.tcl -notrace
Starting RTL Elaboration : Time (s): cpu = 00:00:05 ; elapsed = 00:00:10 . Memory (MB): peak = 335.918 ; gain = 125.809
INFO: [Synth 8-638] synthesizing module 'c_counter_binary_db' [w:/ELEC3500/ELEC3500_LAB_9/EggTimer/EggTimer/EggTimer.srcs/sources_1/ip/c_counter_binary_db/synth/c_counter_binary_db.vhd:69]
INFO: [Synth 8-256] done synthesizing module 'c_counter_binary_db' (8#1) [w:/ELEC3500/ELEC3500_LAB_9/EggTimer/EggTimer/EggTimer.srcs/sources_1/ip/c_counter_binary_db/synth/c_counter_binary_db.vhd:69]
Finished RTL Elaboration : Time (s): cpu = 00:00:06 ; elapsed = 00:00:11 . Memory (MB): peak = 379.773 ; gain = 169.664
Finished RTL Optimization Phase 1 : Time (s): cpu = 00:00:06 ; elapsed = 00:00:11 . Memory (MB): peak = 379.773 ; gain = 169.664
INFO: [Device 21-403] Loading part xc7a100tcsg324-1
Constraint Validation Runtime : Time (s): cpu = 00:00:00 ; elapsed = 00:00:00.011 . Memory (MB): peak = 654.824 ; gain = 0.000
Finished Constraint Validation : Time (s): cpu = 00:00:12 ; elapsed = 00:00:19 . Memory (MB): peak = 654.824 ; gain = 444.715
Finished Loading Part and Timing Information : Time (s): cpu = 00:00:12 ; elapsed = 00:00:19 . Memory (MB): peak = 654.824 ; gain = 444.715
Finished applying 'set_property' XDC Constraints : Time (s): cpu = 00:00:12 ; elapsed = 00:00:19 . Memory (MB): peak = 654.824 ; gain = 444.715
Finished RTL Optimization Phase 2 : Time (s): cpu = 00:00:12 ; elapsed = 00:00:20 . Memory (MB): peak = 654.824 ; gain = 444.715
Finished Cross Boundary and Area Optimization : Time (s): cpu = 00:00:12 ; elapsed = 00:00:20 . Memory (MB): peak = 654.824 ; gain = 444.715
Finished Applying XDC Timing Constraints : Time (s): cpu = 00:00:18 ; elapsed = 00:00:26 . Memory (MB): peak = 654.824 ; gain = 444.715
Finished Timing Optimization : Time (s): cpu = 00:00:18 ; elapsed = 00:00:26 . Memory (MB): peak = 654.824 ; gain = 444.715
Finished Technology Mapping : Time (s): cpu = 00:00:18 ; elapsed = 00:00:26 . Memory (MB): peak = 654.824 ; gain = 444.715
Finished IO Insertion : Time (s): cpu = 00:00:18 ; elapsed = 00:00:26 . Memory (MB): peak = 654.824 ; gain = 444.715
Finished Renaming Generated Instances : Time (s): cpu = 00:00:18 ; elapsed = 00:00:26 . Memory (MB): peak = 654.824 ; gain = 444.715
Finished Rebuilding User Hierarchy : Time (s): cpu = 00:00:18 ; elapsed = 00:00:26 . Memory (MB): peak = 654.824 ; gain = 444.715
Finished Renaming Generated Ports : Time (s): cpu = 00:00:18 ; elapsed = 00:00:26 . Memory (MB): peak = 654.824 ; gain = 444.715
Finished Handling Custom Attributes : Time (s): cpu = 00:00:18 ; elapsed = 00:00:26 . Memory (MB): peak = 654.824 ; gain = 444.715
Finished Renaming Generated Nets : Time (s): cpu = 00:00:18 ; elapsed = 00:00:26 . Memory (MB): peak = 654.824 ; gain = 444.715

Report Cell Usage: 
+------+------+------+
|      |Cell  |Count |
+------+------+------+
|1     |LUT1  |     1|
|2     |LUT2  |     1|
|3     |LUT4  |     1|
|4     |LUT6  |     4|
|5     |MUXCY |    15|
|6     |XORCY |    16|
|7     |FDRE  |    17|
+------+------+------+
Finished Writing Synthesis Report : Time (s): cpu = 00:00:18 ; elapsed = 00:00:26 . Memory (MB): peak = 654.824 ; gain = 444.715
synth_design: Time (s): cpu = 00:00:16 ; elapsed = 00:00:20 . Memory (MB): peak = 669.324 ; gain = 411.289
