
*** Running vivado
    with args -log c_counter_binary_db.vds -m64 -product Vivado -mode batch -messageDb vivado.pb -notrace -source c_counter_binary_db.tcl


****** Vivado v2016.3 (64-bit)
  **** SW Build 1682563 on Mon Oct 10 19:07:27 MDT 2016
  **** IP Build 1681267 on Mon Oct 10 21:28:31 MDT 2016
    ** Copyright 1986-2016 Xilinx, Inc. All Rights Reserved.

source c_counter_binary_db.tcl -notrace
Starting RTL Elaboration : Time (s): cpu = 00:00:06 ; elapsed = 00:00:09 . Memory (MB): peak = 357.832 ; gain = 147.289
INFO: [Synth 8-638] synthesizing module 'c_counter_binary_db' [w:/ELEC3500/ELEC3500_LAB_9/EggTimer/EggTimer/EggTimer.srcs/sources_1/ip/c_counter_binary_db/synth/c_counter_binary_db.vhd:69]
INFO: [Synth 8-256] done synthesizing module 'c_counter_binary_db' (8#1) [w:/ELEC3500/ELEC3500_LAB_9/EggTimer/EggTimer/EggTimer.srcs/sources_1/ip/c_counter_binary_db/synth/c_counter_binary_db.vhd:69]
Finished RTL Elaboration : Time (s): cpu = 00:00:07 ; elapsed = 00:00:11 . Memory (MB): peak = 400.938 ; gain = 190.395
Finished RTL Optimization Phase 1 : Time (s): cpu = 00:00:07 ; elapsed = 00:00:11 . Memory (MB): peak = 400.938 ; gain = 190.395
INFO: [Device 21-403] Loading part xc7a100tcsg324-1
Constraint Validation Runtime : Time (s): cpu = 00:00:00 ; elapsed = 00:00:00.018 . Memory (MB): peak = 664.977 ; gain = 0.000
Finished Constraint Validation : Time (s): cpu = 00:00:13 ; elapsed = 00:00:22 . Memory (MB): peak = 664.977 ; gain = 454.434
Finished Loading Part and Timing Information : Time (s): cpu = 00:00:13 ; elapsed = 00:00:22 . Memory (MB): peak = 664.977 ; gain = 454.434
Finished applying 'set_property' XDC Constraints : Time (s): cpu = 00:00:13 ; elapsed = 00:00:22 . Memory (MB): peak = 664.977 ; gain = 454.434
Finished RTL Optimization Phase 2 : Time (s): cpu = 00:00:13 ; elapsed = 00:00:22 . Memory (MB): peak = 664.977 ; gain = 454.434
Finished Cross Boundary and Area Optimization : Time (s): cpu = 00:00:13 ; elapsed = 00:00:22 . Memory (MB): peak = 664.977 ; gain = 454.434
Finished Applying XDC Timing Constraints : Time (s): cpu = 00:00:19 ; elapsed = 00:00:28 . Memory (MB): peak = 664.977 ; gain = 454.434
Finished Timing Optimization : Time (s): cpu = 00:00:19 ; elapsed = 00:00:28 . Memory (MB): peak = 664.977 ; gain = 454.434
Finished Technology Mapping : Time (s): cpu = 00:00:19 ; elapsed = 00:00:28 . Memory (MB): peak = 665.008 ; gain = 454.465
Finished IO Insertion : Time (s): cpu = 00:00:19 ; elapsed = 00:00:29 . Memory (MB): peak = 665.008 ; gain = 454.465
Finished Renaming Generated Instances : Time (s): cpu = 00:00:19 ; elapsed = 00:00:29 . Memory (MB): peak = 665.008 ; gain = 454.465
Finished Rebuilding User Hierarchy : Time (s): cpu = 00:00:19 ; elapsed = 00:00:29 . Memory (MB): peak = 665.008 ; gain = 454.465
Finished Renaming Generated Ports : Time (s): cpu = 00:00:19 ; elapsed = 00:00:29 . Memory (MB): peak = 665.008 ; gain = 454.465
Finished Handling Custom Attributes : Time (s): cpu = 00:00:19 ; elapsed = 00:00:29 . Memory (MB): peak = 665.008 ; gain = 454.465
Finished Renaming Generated Nets : Time (s): cpu = 00:00:19 ; elapsed = 00:00:29 . Memory (MB): peak = 665.008 ; gain = 454.465

Report Cell Usage: 
+------+------+------+
|      |Cell  |Count |
+------+------+------+
|1     |LUT1  |     1|
|2     |LUT6  |     3|
|3     |MUXCY |    15|
|4     |XORCY |    16|
|5     |FDRE  |    17|
+------+------+------+
Finished Writing Synthesis Report : Time (s): cpu = 00:00:19 ; elapsed = 00:00:29 . Memory (MB): peak = 665.008 ; gain = 454.465
synth_design: Time (s): cpu = 00:00:17 ; elapsed = 00:00:23 . Memory (MB): peak = 691.273 ; gain = 407.945
