
*** Running vivado
    with args -log c_counter_binary_9.vds -m64 -product Vivado -mode batch -messageDb vivado.pb -notrace -source c_counter_binary_9.tcl


****** Vivado v2016.3 (64-bit)
  **** SW Build 1682563 on Mon Oct 10 19:07:27 MDT 2016
  **** IP Build 1681267 on Mon Oct 10 21:28:31 MDT 2016
    ** Copyright 1986-2016 Xilinx, Inc. All Rights Reserved.

source c_counter_binary_9.tcl -notrace
Starting RTL Elaboration : Time (s): cpu = 00:00:05 ; elapsed = 00:00:09 . Memory (MB): peak = 335.418 ; gain = 126.105
INFO: [Synth 8-638] synthesizing module 'c_counter_binary_9' [w:/ELEC3500/ELEC3500_LAB_9/EggTimer/EggTimer/EggTimer.srcs/sources_1/ip/c_counter_binary_9_2/synth/c_counter_binary_9.vhd:71]
INFO: [Synth 8-256] done synthesizing module 'c_counter_binary_9' (8#1) [w:/ELEC3500/ELEC3500_LAB_9/EggTimer/EggTimer/EggTimer.srcs/sources_1/ip/c_counter_binary_9_2/synth/c_counter_binary_9.vhd:71]
Finished RTL Elaboration : Time (s): cpu = 00:00:06 ; elapsed = 00:00:10 . Memory (MB): peak = 378.813 ; gain = 169.500
Finished RTL Optimization Phase 1 : Time (s): cpu = 00:00:06 ; elapsed = 00:00:11 . Memory (MB): peak = 378.813 ; gain = 169.500
INFO: [Device 21-403] Loading part xc7a100tcsg324-1
Constraint Validation Runtime : Time (s): cpu = 00:00:00 ; elapsed = 00:00:00.010 . Memory (MB): peak = 648.566 ; gain = 0.000
Finished Constraint Validation : Time (s): cpu = 00:00:11 ; elapsed = 00:00:19 . Memory (MB): peak = 648.566 ; gain = 439.254
Finished Loading Part and Timing Information : Time (s): cpu = 00:00:11 ; elapsed = 00:00:19 . Memory (MB): peak = 648.566 ; gain = 439.254
Finished applying 'set_property' XDC Constraints : Time (s): cpu = 00:00:11 ; elapsed = 00:00:19 . Memory (MB): peak = 648.566 ; gain = 439.254
Finished RTL Optimization Phase 2 : Time (s): cpu = 00:00:11 ; elapsed = 00:00:19 . Memory (MB): peak = 648.566 ; gain = 439.254
Finished Cross Boundary and Area Optimization : Time (s): cpu = 00:00:11 ; elapsed = 00:00:19 . Memory (MB): peak = 648.566 ; gain = 439.254
Finished Applying XDC Timing Constraints : Time (s): cpu = 00:00:17 ; elapsed = 00:00:25 . Memory (MB): peak = 648.566 ; gain = 439.254
Finished Timing Optimization : Time (s): cpu = 00:00:17 ; elapsed = 00:00:25 . Memory (MB): peak = 648.566 ; gain = 439.254
Finished Technology Mapping : Time (s): cpu = 00:00:17 ; elapsed = 00:00:25 . Memory (MB): peak = 651.309 ; gain = 441.996
Finished IO Insertion : Time (s): cpu = 00:00:18 ; elapsed = 00:00:26 . Memory (MB): peak = 651.309 ; gain = 441.996
Finished Renaming Generated Instances : Time (s): cpu = 00:00:18 ; elapsed = 00:00:26 . Memory (MB): peak = 651.309 ; gain = 441.996
Finished Rebuilding User Hierarchy : Time (s): cpu = 00:00:18 ; elapsed = 00:00:26 . Memory (MB): peak = 651.309 ; gain = 441.996
Finished Renaming Generated Ports : Time (s): cpu = 00:00:18 ; elapsed = 00:00:26 . Memory (MB): peak = 651.309 ; gain = 441.996
Finished Handling Custom Attributes : Time (s): cpu = 00:00:18 ; elapsed = 00:00:26 . Memory (MB): peak = 651.309 ; gain = 441.996
Finished Renaming Generated Nets : Time (s): cpu = 00:00:18 ; elapsed = 00:00:26 . Memory (MB): peak = 651.309 ; gain = 441.996

Report Cell Usage: 
+------+------+------+
|      |Cell  |Count |
+------+------+------+
|1     |LUT2  |     2|
|2     |LUT3  |     4|
|3     |LUT6  |     2|
|4     |MUXCY |     3|
|5     |XORCY |     4|
|6     |FDRE  |     5|
+------+------+------+
Finished Writing Synthesis Report : Time (s): cpu = 00:00:18 ; elapsed = 00:00:26 . Memory (MB): peak = 651.309 ; gain = 441.996
synth_design: Time (s): cpu = 00:00:16 ; elapsed = 00:00:20 . Memory (MB): peak = 668.699 ; gain = 410.523
